<?xml version="1.0" encoding="UTF-8"?>
<robot generator="Robot 7.0 (Python 3.12.2 on win32)" generated="2024-03-31T21:12:26.011124" rpa="false" schemaversion="5">
<suite id="s1" name="Bwp Tool Project" source="C:\MUNKA\bwp_tool_project">
<suite id="s1-s1" name="Tests" source="C:\MUNKA\bwp_tool_project\tests">
<suite id="s1-s1-s1" name="Bwp Test" source="C:\MUNKA\bwp_tool_project\tests\bwp_test.robot">
<test id="s1-s1-s1-t1" name="Navigate To Customer Menu" line="27">
<kw name="Open Browser To Login Page" owner="common_resources">
<kw name="Open Browser" owner="SeleniumLibrary">
<msg time="2024-03-31T21:12:26.626802" level="INFO">Opening browser 'Chrome' to base url 'https://bwpool.azurewebsites.net/'.</msg>
<msg time="2024-03-31T21:12:31.460681" level="WARN">Error sending stats to Plausible: error sending request for url (https://plausible.io/api/event): operation timed out</msg>
<arg>${URL}</arg>
<arg>${BROWSER}</arg>
<doc>Opens a new browser instance to the optional ``url``.</doc>
<status status="PASS" start="2024-03-31T21:12:26.626802" elapsed="9.890376"/>
</kw>
<kw name="Title Should Be" owner="SeleniumLibrary">
<msg time="2024-03-31T21:12:36.529556" level="INFO">Page title is 'BWP Index'.</msg>
<arg>BWP Index</arg>
<doc>Verifies that the current page title equals ``title``.</doc>
<status status="PASS" start="2024-03-31T21:12:36.517178" elapsed="0.012378"/>
</kw>
<status status="PASS" start="2024-03-31T21:12:26.624800" elapsed="9.904756"/>
</kw>
<kw name="Navigate To Customer Menu">
<kw name="Go To" owner="SeleniumLibrary">
<msg time="2024-03-31T21:12:36.532683" level="INFO">Opening url 'https://bwpool.azurewebsites.net//Customer'</msg>
<arg>${menu_url}</arg>
<doc>Navigates the current browser window to the provided ``url``.</doc>
<status status="PASS" start="2024-03-31T21:12:36.531556" elapsed="0.515231"/>
</kw>
<kw name="Click Element" owner="SeleniumLibrary">
<msg time="2024-03-31T21:12:37.047787" level="INFO">Clicking element '//a[contains(.,'Partnerek')]'.</msg>
<arg>${CUSTOMER_MENU}</arg>
<doc>Click the element identified by ``locator``.</doc>
<status status="PASS" start="2024-03-31T21:12:37.046787" elapsed="0.698670"/>
</kw>
<kw name="Wait Until Element Is Visible" owner="SeleniumLibrary">
<arg>${CUSTOMER_GRID}</arg>
<doc>Waits until the element ``locator`` is visible.</doc>
<status status="PASS" start="2024-03-31T21:12:37.745457" elapsed="0.071667"/>
</kw>
<arg>${URL}/Customer</arg>
<status status="PASS" start="2024-03-31T21:12:36.530557" elapsed="1.286567"/>
</kw>
<status status="PASS" start="2024-03-31T21:12:26.621680" elapsed="11.196584"/>
</test>
<test id="s1-s1-s1-t2" name="Api Call Test" line="31">
<kw name="Create Session" owner="RequestsLibrary">
<msg time="2024-03-31T21:12:37.853438" level="INFO">Creating Session using : alias=API Session, url=https://random-data-api.com/api/users/random_user?size=1, headers={},                     cookies={}, auth=None, timeout=None, proxies=None, verify=False,                     debug=0 </msg>
<arg>${SESSION_NAME}</arg>
<arg>${USER_DATA_API}</arg>
<doc>Create Session: create a HTTP session to a server</doc>
<status status="PASS" start="2024-03-31T21:12:37.851280" elapsed="0.007414"/>
</kw>
<kw name="GET On Session" owner="RequestsLibrary">
<msg time="2024-03-31T21:12:38.985561" level="INFO">GET Request : url=https://random-data-api.com/api/users/random_user?size=1 
 path_url=/api/users/random_user?size=1 
 headers={'User-Agent': 'python-requests/2.31.0', 'Accept-Encoding': 'gzip, deflate', 'Accept': '*/*', 'Connection': 'keep-alive'} 
 body=None 
 </msg>
<msg time="2024-03-31T21:12:38.985561" level="INFO">GET Response : url=https://random-data-api.com/api/users/random_user?size=1 
 status=200, reason=OK 
 headers={'Alt-Svc': 'h3=":443"; ma=2592000', 'Cache-Control': 'max-age=0, private, must-revalidate', 'Content-Encoding': 'gzip', 'Content-Type': 'application/json; charset=utf-8', 'Etag': 'W/"82d40a4cb853181b996fdcd9119b0fbb"', 'Referrer-Policy': 'strict-origin-when-cross-origin', 'Server': 'Caddy', 'Strict-Transport-Security': 'max-age=63072000; includeSubDomains', 'Vary': 'Origin, Accept-Encoding', 'X-Content-Type-Options': 'nosniff', 'X-Frame-Options': 'SAMEORIGIN', 'X-Permitted-Cross-Domain-Policies': 'none', 'X-Request-Id': '34a918ac-2213-4319-9593-040d7cafb7ed', 'X-Runtime': '0.012097', 'X-Xss-Protection': '0', 'Date': 'Sun, 31 Mar 2024 19:12:38 GMT', 'Content-Length': '578'} 
 body=[{"id":5653,"uid":"cb7840f8-814d-4429-b4b1-1fbca337de80","password":"QBs3PimG4Y","first_name":"Wyatt","last_name":"Hane","username":"wyatt.hane","email":"wyatt.hane@email.com","avatar":"https://robohash.org/aliasautvoluptatibus.png?size=300x300\u0026set=set1","gender":"Female","phone_number":"+230 794.841.4596","social_insurance_number":"221374234","date_of_birth":"1982-07-06","employment":{"title":"Real-Estate Liaison","key_skill":"Fast learner"},"address":{"city":"Kreigerchester","street_name":"Walter Path","street_address":"95077 West Trail","zip_code":"84528-3150","state":"North Dakota","country":"United States","coordinates":{"lat":51.40610513652564,"lng":-61.53614612527002}},"credit_card":{"cc_number":"4392-5269-7509-2786"},"subscription":{"plan":"Free Trial","status":"Blocked","payment_method":"Cheque","term":"Full subscription"}}] 
 </msg>
<msg time="2024-03-31T21:12:38.986560" level="INFO">C:\Users\Andi\AppData\Local\Programs\Python\Python312\Lib\site-packages\urllib3\connectionpool.py:1103: InsecureRequestWarning: Unverified HTTPS request is being made to host 'random-data-api.com'. Adding certificate verification is strongly advised. See: https://urllib3.readthedocs.io/en/latest/advanced-usage.html#tls-warnings
  warnings.warn(</msg>
<msg time="2024-03-31T21:12:38.995173" level="INFO">${response} = &lt;Response [200]&gt;</msg>
<var>${response}</var>
<arg>${SESSION_NAME}</arg>
<arg>${USER_DATA_API}</arg>
<doc>Sends a GET request on a previously created HTTP Session.</doc>
<status status="PASS" start="2024-03-31T21:12:37.863230" elapsed="1.132948"/>
</kw>
<kw name="Should Be Equal As Strings" owner="BuiltIn">
<msg time="2024-03-31T21:12:38.999171" level="INFO">Argument types are:
&lt;class 'int'&gt;
&lt;class 'str'&gt;</msg>
<arg>${response.status_code}</arg>
<arg>200</arg>
<doc>Fails if objects are unequal after converting them to strings.</doc>
<status status="PASS" start="2024-03-31T21:12:38.997173" elapsed="0.002997"/>
</kw>
<kw name="Set Variable" owner="BuiltIn">
<msg time="2024-03-31T21:12:39.003168" level="INFO">${body} = [{'id': 5653, 'uid': 'cb7840f8-814d-4429-b4b1-1fbca337de80', 'password': 'QBs3PimG4Y', 'first_name': 'Wyatt', 'last_name': 'Hane', 'username': 'wyatt.hane', 'email': 'wyatt.hane@email.com', 'avatar': ...</msg>
<var>${body}</var>
<arg>${response.json()}</arg>
<doc>Returns the given values which can then be assigned to a variables.</doc>
<status status="PASS" start="2024-03-31T21:12:39.001170" elapsed="0.002997"/>
</kw>
<kw name="Log" owner="BuiltIn">
<msg time="2024-03-31T21:12:39.006169" level="INFO">[{'id': 5653, 'uid': 'cb7840f8-814d-4429-b4b1-1fbca337de80', 'password': 'QBs3PimG4Y', 'first_name': 'Wyatt', 'last_name': 'Hane', 'username': 'wyatt.hane', 'email': 'wyatt.hane@email.com', 'avatar': 'https://robohash.org/aliasautvoluptatibus.png?size=300x300&amp;set=set1', 'gender': 'Female', 'phone_number': '+230 794.841.4596', 'social_insurance_number': '221374234', 'date_of_birth': '1982-07-06', 'employment': {'title': 'Real-Estate Liaison', 'key_skill': 'Fast learner'}, 'address': {'city': 'Kreigerchester', 'street_name': 'Walter Path', 'street_address': '95077 West Trail', 'zip_code': '84528-3150', 'state': 'North Dakota', 'country': 'United States', 'coordinates': {'lat': 51.40610513652564, 'lng': -61.53614612527002}}, 'credit_card': {'cc_number': '4392-5269-7509-2786'}, 'subscription': {'plan': 'Free Trial', 'status': 'Blocked', 'payment_method': 'Cheque', 'term': 'Full subscription'}}]</msg>
<arg>${body}</arg>
<doc>Logs the given message with the given level.</doc>
<status status="PASS" start="2024-03-31T21:12:39.005169" elapsed="0.001000"/>
</kw>
<kw name="Set Variable" owner="BuiltIn">
<msg time="2024-03-31T21:12:39.011826" level="INFO">${first_name} = Wyatt</msg>
<var>${first_name}</var>
<arg>${body}[0][first_name]</arg>
<doc>Returns the given values which can then be assigned to a variables.</doc>
<status status="PASS" start="2024-03-31T21:12:39.010821" elapsed="0.002005"/>
</kw>
<kw name="Set Variable" owner="BuiltIn">
<msg time="2024-03-31T21:12:39.014825" level="INFO">${last_name} = Hane</msg>
<var>${last_name}</var>
<arg>${body}[0][last_name]</arg>
<doc>Returns the given values which can then be assigned to a variables.</doc>
<status status="PASS" start="2024-03-31T21:12:39.013825" elapsed="0.001999"/>
</kw>
<kw name="Set Variable" owner="BuiltIn">
<msg time="2024-03-31T21:12:39.018823" level="INFO">${email} = wyatt.hane@email.com</msg>
<var>${email}</var>
<arg>${body}[0][email]</arg>
<doc>Returns the given values which can then be assigned to a variables.</doc>
<status status="PASS" start="2024-03-31T21:12:39.016823" elapsed="0.002000"/>
</kw>
<kw name="Set Variable" owner="BuiltIn">
<msg time="2024-03-31T21:12:39.020820" level="INFO">${id} = 5653</msg>
<var>${id}</var>
<arg>${body}[0][id]</arg>
<doc>Returns the given values which can then be assigned to a variables.</doc>
<status status="PASS" start="2024-03-31T21:12:39.019822" elapsed="0.000998"/>
</kw>
<kw name="Click Button" owner="SeleniumLibrary">
<msg time="2024-03-31T21:12:39.026073" level="INFO">Clicking button '//button[@aria-label='Add']'.</msg>
<arg>${ADD_BUTTON}</arg>
<doc>Clicks the button identified by ``locator``.</doc>
<status status="PASS" start="2024-03-31T21:12:39.023726" elapsed="0.141134"/>
</kw>
<kw name="Wait Until Element Is Visible" owner="SeleniumLibrary">
<arg>${CUSTOMER_NAME}</arg>
<arg>timeout=10s</arg>
<doc>Waits until the element ``locator`` is visible.</doc>
<status status="PASS" start="2024-03-31T21:12:39.165865" elapsed="2.970050"/>
</kw>
<kw name="Input Text" owner="SeleniumLibrary">
<msg time="2024-03-31T21:12:42.136916" level="INFO">Typing text 'Wyatt Hane' into text field '//input[@id='name']'.</msg>
<arg>${CUSTOMER_NAME}</arg>
<arg>${first_name} ${last_name}</arg>
<doc>Types the given ``text`` into the text field identified by ``locator``.</doc>
<status status="PASS" start="2024-03-31T21:12:42.136916" elapsed="0.214856"/>
</kw>
<kw name="Input Text" owner="SeleniumLibrary">
<msg time="2024-03-31T21:12:42.352771" level="INFO">Typing text 'wyatt.hane@email.com' into text field '//input[@id='email']'.</msg>
<arg>${E-MAIL_FIELD}</arg>
<arg>${email}</arg>
<doc>Types the given ``text`` into the text field identified by ``locator``.</doc>
<status status="PASS" start="2024-03-31T21:12:42.351772" elapsed="0.186766"/>
</kw>
<kw name="Input Text" owner="SeleniumLibrary">
<msg time="2024-03-31T21:12:42.539539" level="INFO">Typing text '5653' into text field '//input[@id='comment']'.</msg>
<arg>${COMMENT}</arg>
<arg>${id}</arg>
<doc>Types the given ``text`` into the text field identified by ``locator``.</doc>
<status status="PASS" start="2024-03-31T21:12:42.539539" elapsed="0.183639"/>
</kw>
<kw name="Click Button" owner="SeleniumLibrary">
<msg time="2024-03-31T21:12:42.725183" level="INFO">Clicking button '//button[@class='e-control e-btn e-lib e-control e-btn e-lib e-primary e-flat']'.</msg>
<arg>${SAVE_BUTTON}</arg>
<doc>Clicks the button identified by ``locator``.</doc>
<status status="PASS" start="2024-03-31T21:12:42.724181" elapsed="0.113715"/>
</kw>
<kw name="Wait Until Element Is Visible" owner="SeleniumLibrary">
<arg>${CUSTOMER_GRID}</arg>
<arg>timeout=10s</arg>
<doc>Waits until the element ``locator`` is visible.</doc>
<status status="PASS" start="2024-03-31T21:12:42.838895" elapsed="0.032833"/>
</kw>
<status status="PASS" start="2024-03-31T21:12:37.849281" elapsed="5.023447"/>
</test>
<status status="PASS" start="2024-03-31T21:12:26.100940" elapsed="16.773786"/>
</suite>
<status status="PASS" start="2024-03-31T21:12:26.092944" elapsed="16.786780"/>
</suite>
<status status="PASS" start="2024-03-31T21:12:26.023117" elapsed="16.861835"/>
</suite>
<statistics>
<total>
<stat pass="2" fail="0" skip="0">All Tests</stat>
</total>
<tag>
</tag>
<suite>
<stat pass="2" fail="0" skip="0" id="s1" name="Bwp Tool Project">Bwp Tool Project</stat>
<stat pass="2" fail="0" skip="0" id="s1-s1" name="Tests">Bwp Tool Project.Tests</stat>
<stat pass="2" fail="0" skip="0" id="s1-s1-s1" name="Bwp Test">Bwp Tool Project.Tests.Bwp Test</stat>
</suite>
</statistics>
<errors>
<msg time="2024-03-31T21:12:31.460681" level="WARN">Error sending stats to Plausible: error sending request for url (https://plausible.io/api/event): operation timed out</msg>
</errors>
</robot>
