<?xml version="1.0" encoding="UTF-8"?>
<robot generator="Robot 7.0 (Python 3.12.2 on win32)" generated="2024-03-31T22:03:12.226304" rpa="false" schemaversion="5">
<suite id="s1" name="Bwp Tool Project" source="C:\MUNKA\bwp_tool_project">
<suite id="s1-s1" name="Tests" source="C:\MUNKA\bwp_tool_project\tests">
<suite id="s1-s1-s1" name="Bwp Test" source="C:\MUNKA\bwp_tool_project\tests\bwp_test.robot">
<test id="s1-s1-s1-t1" name="Open Subject Website And Check the Title" line="32">
<kw name="Open Browser" owner="SeleniumLibrary">
<msg time="2024-03-31T22:03:12.781818" level="INFO">Opening browser 'Chrome' to base url 'https://bwpool.azurewebsites.net/'.</msg>
<arg>${URL}</arg>
<arg>${BROWSER}</arg>
<doc>Opens a new browser instance to the optional ``url``.</doc>
<status status="PASS" start="2024-03-31T22:03:12.781818" elapsed="5.315114"/>
</kw>
<kw name="Title Should Be" owner="SeleniumLibrary">
<msg time="2024-03-31T22:03:18.107548" level="INFO">Page title is 'BWP Index'.</msg>
<arg>${EXPECTED_TITLE}</arg>
<doc>Verifies that the current page title equals ``title``.</doc>
<status status="PASS" start="2024-03-31T22:03:18.097935" elapsed="0.010616"/>
</kw>
<kw name="Click Element" owner="SeleniumLibrary">
<msg time="2024-03-31T22:03:18.111551" level="INFO">Clicking element '//a[contains(.,'Partnerek')]'.</msg>
<arg>${CUSTOMER_MENU}</arg>
<doc>Click the element identified by ``locator``.</doc>
<status status="PASS" start="2024-03-31T22:03:18.109550" elapsed="0.660044"/>
</kw>
<kw name="Sleep" owner="BuiltIn">
<msg time="2024-03-31T22:03:20.773066" level="INFO">Slept 2 seconds.</msg>
<msg time="2024-03-31T22:03:20.773066" level="INFO">//h4[.='Ügyfelek']</msg>
<arg>2s</arg>
<arg>${CUSTOMER_GRID}</arg>
<doc>Pauses the test executed for the given time.</doc>
<status status="PASS" start="2024-03-31T22:03:18.770592" elapsed="2.003478"/>
</kw>
<kw name="Wait Until Element Is Visible" owner="SeleniumLibrary">
<arg>${CUSTOMER_GRID}</arg>
<doc>Waits until the element ``locator`` is visible.</doc>
<status status="PASS" start="2024-03-31T22:03:20.775069" elapsed="0.057886"/>
</kw>
<kw name="GET" owner="RequestsLibrary">
<msg time="2024-03-31T22:03:23.694221" level="INFO">GET Request : url=https://random-data-api.com/api/users/random_user?size=1 
 path_url=/api/users/random_user?size=1 
 headers={'User-Agent': 'python-requests/2.31.0', 'Accept-Encoding': 'gzip, deflate', 'Accept': '*/*', 'Connection': 'keep-alive'} 
 body=None 
 </msg>
<msg time="2024-03-31T22:03:23.694221" level="INFO">GET Response : url=https://random-data-api.com/api/users/random_user?size=1 
 status=200, reason=OK 
 headers={'Alt-Svc': 'h3=":443"; ma=2592000', 'Cache-Control': 'max-age=0, private, must-revalidate', 'Content-Encoding': 'gzip', 'Content-Type': 'application/json; charset=utf-8', 'Etag': 'W/"9fce5415a0a3d314cab5c0796f8be76c"', 'Referrer-Policy': 'strict-origin-when-cross-origin', 'Server': 'Caddy', 'Strict-Transport-Security': 'max-age=63072000; includeSubDomains', 'Vary': 'Origin, Accept-Encoding', 'X-Content-Type-Options': 'nosniff', 'X-Frame-Options': 'SAMEORIGIN', 'X-Permitted-Cross-Domain-Policies': 'none', 'X-Request-Id': '02b7429e-ce4f-486c-bd92-fa990f92f3d6', 'X-Runtime': '0.011780', 'X-Xss-Protection': '0', 'Date': 'Sun, 31 Mar 2024 20:03:23 GMT', 'Content-Length': '595'} 
 body=[{"id":5332,"uid":"2d4381c5-aa09-4068-a095-e6fb51415491","password":"kVlJWyxfXH","first_name":"Scottie","last_name":"Schumm","username":"scottie.schumm","email":"scottie.schumm@email.com","avatar":"https://robohash.org/cumqueexpeditacorrupti.png?size=300x300\u0026set=set1","gender":"Non-binary","phone_number":"+269 1-664-916-6314 x8485","social_insurance_number":"377822952","date_of_birth":"2002-03-27","employment":{"title":"Legal Strategist","key_skill":"Networking skills"},"address":{"city":"Leuschkehaven","street_name":"Schneider Heights","street_address":"9673 Klein Corners","zip_code":"79311-6612","state":"Mississippi","country":"United States","coordinates":{"lat":-20.002003187557676,"lng":-49.29926722087649}},"credit_card":{"cc_number":"6771-8960-8473-6276"},"subscription":{"plan":"Bronze","status":"Active","payment_method":"Debit card","term":"Payment in advance"}}] 
 </msg>
<msg time="2024-03-31T22:03:23.709836" level="INFO">${response} = &lt;Response [200]&gt;</msg>
<var>${response}</var>
<arg>${USER_DATA_API}</arg>
<doc>Sends a GET request.</doc>
<status status="PASS" start="2024-03-31T22:03:20.833955" elapsed="2.879895"/>
</kw>
<kw name="Set Variable" owner="BuiltIn">
<msg time="2024-03-31T22:03:23.725863" level="INFO">${body} = [{'id': 5332, 'uid': '2d4381c5-aa09-4068-a095-e6fb51415491', 'password': 'kVlJWyxfXH', 'first_name': 'Scottie', 'last_name': 'Schumm', 'username': 'scottie.schumm', 'email': 'scottie.schumm@email.com'...</msg>
<var>${body}</var>
<arg>${response.json()}</arg>
<doc>Returns the given values which can then be assigned to a variables.</doc>
<status status="PASS" start="2024-03-31T22:03:23.713850" elapsed="0.012013"/>
</kw>
<kw name="Log" owner="BuiltIn">
<msg time="2024-03-31T22:03:23.741502" level="INFO">[{'id': 5332, 'uid': '2d4381c5-aa09-4068-a095-e6fb51415491', 'password': 'kVlJWyxfXH', 'first_name': 'Scottie', 'last_name': 'Schumm', 'username': 'scottie.schumm', 'email': 'scottie.schumm@email.com', 'avatar': 'https://robohash.org/cumqueexpeditacorrupti.png?size=300x300&amp;set=set1', 'gender': 'Non-binary', 'phone_number': '+269 1-664-916-6314 x8485', 'social_insurance_number': '377822952', 'date_of_birth': '2002-03-27', 'employment': {'title': 'Legal Strategist', 'key_skill': 'Networking skills'}, 'address': {'city': 'Leuschkehaven', 'street_name': 'Schneider Heights', 'street_address': '9673 Klein Corners', 'zip_code': '79311-6612', 'state': 'Mississippi', 'country': 'United States', 'coordinates': {'lat': -20.002003187557676, 'lng': -49.29926722087649}}, 'credit_card': {'cc_number': '6771-8960-8473-6276'}, 'subscription': {'plan': 'Bronze', 'status': 'Active', 'payment_method': 'Debit card', 'term': 'Payment in advance'}}]</msg>
<arg>${body}</arg>
<doc>Logs the given message with the given level.</doc>
<status status="PASS" start="2024-03-31T22:03:23.741502" elapsed="0.000000"/>
</kw>
<kw name="Set Variable" owner="BuiltIn">
<msg time="2024-03-31T22:03:23.741502" level="INFO">${first_name} = Scottie</msg>
<var>${first_name}</var>
<arg>${body}[0][first_name]</arg>
<doc>Returns the given values which can then be assigned to a variables.</doc>
<status status="PASS" start="2024-03-31T22:03:23.741502" elapsed="0.000000"/>
</kw>
<kw name="Set Variable" owner="BuiltIn">
<msg time="2024-03-31T22:03:23.741502" level="INFO">${last_name} = Schumm</msg>
<var>${last_name}</var>
<arg>${body}[0][last_name]</arg>
<doc>Returns the given values which can then be assigned to a variables.</doc>
<status status="PASS" start="2024-03-31T22:03:23.741502" elapsed="0.000000"/>
</kw>
<kw name="Set Variable" owner="BuiltIn">
<msg time="2024-03-31T22:03:23.741502" level="INFO">${email} = scottie.schumm@email.com</msg>
<var>${email}</var>
<arg>${body}[0][email]</arg>
<doc>Returns the given values which can then be assigned to a variables.</doc>
<status status="PASS" start="2024-03-31T22:03:23.741502" elapsed="0.015624"/>
</kw>
<kw name="Set Variable" owner="BuiltIn">
<msg time="2024-03-31T22:03:23.757126" level="INFO">${id} = 5332</msg>
<var>${id}</var>
<arg>${body}[0][id]</arg>
<doc>Returns the given values which can then be assigned to a variables.</doc>
<status status="PASS" start="2024-03-31T22:03:23.757126" elapsed="0.003618"/>
</kw>
<kw name="Set Variable" owner="BuiltIn">
<msg time="2024-03-31T22:03:23.765002" level="INFO">${city} = Leuschkehaven</msg>
<var>${city}</var>
<arg>${body}[0][address][city]</arg>
<doc>Returns the given values which can then be assigned to a variables.</doc>
<status status="PASS" start="2024-03-31T22:03:23.764002" elapsed="0.001000"/>
</kw>
<kw name="Set Variable" owner="BuiltIn">
<msg time="2024-03-31T22:03:23.768000" level="INFO">${zip_code} = 79311-6612</msg>
<var>${zip_code}</var>
<arg>${body}[0][address][zip_code]</arg>
<doc>Returns the given values which can then be assigned to a variables.</doc>
<status status="PASS" start="2024-03-31T22:03:23.766002" elapsed="0.002998"/>
</kw>
<kw name="Set Variable" owner="BuiltIn">
<msg time="2024-03-31T22:03:23.779867" level="INFO">${street_name} = Schneider Heights</msg>
<var>${street_name}</var>
<arg>${body}[0][address][street_name]</arg>
<doc>Returns the given values which can then be assigned to a variables.</doc>
<status status="PASS" start="2024-03-31T22:03:23.777872" elapsed="0.003311"/>
</kw>
<kw name="Set Variable" owner="BuiltIn">
<msg time="2024-03-31T22:03:23.785185" level="INFO">${street_address} = 9673 Klein Corners</msg>
<var>${street_address}</var>
<arg>${body}[0][address][street_address]</arg>
<doc>Returns the given values which can then be assigned to a variables.</doc>
<status status="PASS" start="2024-03-31T22:03:23.784185" elapsed="0.003000"/>
</kw>
<kw name="Wait Until Element Is Enabled" owner="SeleniumLibrary">
<arg>${ADD_BUTTON}</arg>
<arg>timeout=10s</arg>
<doc>Waits until the element ``locator`` is enabled.</doc>
<status status="PASS" start="2024-03-31T22:03:23.792365" elapsed="0.059505"/>
</kw>
<kw name="Sleep" owner="BuiltIn">
<msg time="2024-03-31T22:03:25.854586" level="INFO">Slept 2 seconds.</msg>
<arg>2s</arg>
<doc>Pauses the test executed for the given time.</doc>
<status status="PASS" start="2024-03-31T22:03:23.854033" elapsed="2.000553"/>
</kw>
<kw name="Click Button" owner="SeleniumLibrary">
<msg time="2024-03-31T22:03:25.857595" level="INFO">Clicking button '//button[@aria-label='Add']'.</msg>
<arg>${ADD_BUTTON}</arg>
<doc>Clicks the button identified by ``locator``.</doc>
<status status="PASS" start="2024-03-31T22:03:25.854586" elapsed="0.140270"/>
</kw>
<kw name="Wait Until Element Is Visible" owner="SeleniumLibrary">
<arg>${CUSTOMER_NAME}</arg>
<arg>timeout=10s</arg>
<doc>Waits until the element ``locator`` is visible.</doc>
<status status="PASS" start="2024-03-31T22:03:25.995855" elapsed="1.008931"/>
</kw>
<kw name="Input Text" owner="SeleniumLibrary">
<msg time="2024-03-31T22:03:27.006785" level="INFO">Typing text 'Scottie Schumm' into text field '//input[@id='name']'.</msg>
<arg>${CUSTOMER_NAME}</arg>
<arg>${first_name} ${last_name}</arg>
<doc>Types the given ``text`` into the text field identified by ``locator``.</doc>
<status status="PASS" start="2024-03-31T22:03:27.005785" elapsed="0.198009"/>
</kw>
<kw name="Input Text" owner="SeleniumLibrary">
<msg time="2024-03-31T22:03:27.204792" level="INFO">Typing text 'scottie.schumm@email.com' into text field '//input[@id='email']'.</msg>
<arg>${E-MAIL_FIELD}</arg>
<arg>${email}</arg>
<doc>Types the given ``text`` into the text field identified by ``locator``.</doc>
<status status="PASS" start="2024-03-31T22:03:27.203794" elapsed="0.254447"/>
</kw>
<kw name="Input Text" owner="SeleniumLibrary">
<msg time="2024-03-31T22:03:27.464568" level="INFO">Typing text '5332' into text field '//input[@id='comment']'.</msg>
<arg>${COMMENT}</arg>
<arg>${id}</arg>
<doc>Types the given ``text`` into the text field identified by ``locator``.</doc>
<status status="PASS" start="2024-03-31T22:03:27.463569" elapsed="0.295337"/>
</kw>
<kw name="Click Button" owner="SeleniumLibrary">
<msg time="2024-03-31T22:03:27.761053" level="INFO">Clicking button '//button[@class='e-control e-btn e-lib e-control e-btn e-lib e-primary e-flat']'.</msg>
<arg>${SAVE_BUTTON}</arg>
<doc>Clicks the button identified by ``locator``.</doc>
<status status="PASS" start="2024-03-31T22:03:27.759905" elapsed="0.160517"/>
</kw>
<kw name="Wait Until Element Is Visible" owner="SeleniumLibrary">
<arg>${CUSTOMER_GRID}</arg>
<arg>timeout=10s</arg>
<doc>Waits until the element ``locator`` is visible.</doc>
<status status="PASS" start="2024-03-31T22:03:27.921419" elapsed="0.052061"/>
</kw>
<kw name="Open Location Menu" owner="common_resources">
<kw name="Click Element" owner="SeleniumLibrary">
<msg time="2024-03-31T22:03:27.976479" level="INFO">Clicking element '//a[contains(.,'Telephelyek')]'.</msg>
<arg>${LOCATIONS_MENU}</arg>
<doc>Click the element identified by ``locator``.</doc>
<status status="PASS" start="2024-03-31T22:03:27.975479" elapsed="0.559699"/>
</kw>
<kw name="Wait Until Element Is Visible" owner="SeleniumLibrary">
<arg>${LOCATIONS_GRID}</arg>
<doc>Waits until the element ``locator`` is visible.</doc>
<status status="PASS" start="2024-03-31T22:03:28.536178" elapsed="0.666179"/>
</kw>
<status status="PASS" start="2024-03-31T22:03:27.974480" elapsed="1.228876"/>
</kw>
<kw name="Wait Until Element Is Enabled" owner="SeleniumLibrary">
<arg>${ADD_BUTTON}</arg>
<doc>Waits until the element ``locator`` is enabled.</doc>
<status status="PASS" start="2024-03-31T22:03:29.203356" elapsed="0.025582"/>
</kw>
<kw name="Sleep" owner="BuiltIn">
<msg time="2024-03-31T22:03:31.230439" level="INFO">Slept 2 seconds.</msg>
<arg>2s</arg>
<doc>Pauses the test executed for the given time.</doc>
<status status="PASS" start="2024-03-31T22:03:29.229934" elapsed="2.000505"/>
</kw>
<kw name="Click Button" owner="SeleniumLibrary">
<msg time="2024-03-31T22:03:31.230439" level="INFO">Clicking button '//button[@aria-label='Add']'.</msg>
<arg>${ADD_BUTTON}</arg>
<doc>Clicks the button identified by ``locator``.</doc>
<status status="PASS" start="2024-03-31T22:03:31.230439" elapsed="0.115956"/>
</kw>
<kw name="Wait Until Element Is Visible" owner="SeleniumLibrary">
<arg>${LOCATION_CUSTOMER}</arg>
<arg>timeout=10s</arg>
<doc>Waits until the element ``locator`` is visible.</doc>
<status status="PASS" start="2024-03-31T22:03:31.347414" elapsed="0.594154"/>
</kw>
<kw name="Click Element" owner="SeleniumLibrary">
<msg time="2024-03-31T22:03:31.942567" level="INFO">Clicking element '//input[@class='e-sortfilterdiv e-icons ']'.</msg>
<msg time="2024-03-31T22:03:32.067718" level="INFO" html="true">&lt;/td&gt;&lt;/tr&gt;&lt;tr&gt;&lt;td colspan="3"&gt;&lt;a href="selenium-screenshot-3.png"&gt;&lt;img src="selenium-screenshot-3.png" width="800px"&gt;&lt;/a&gt;</msg>
<msg time="2024-03-31T22:03:32.067718" level="FAIL">Element with locator '//input[@class='e-sortfilterdiv e-icons ']' not found.</msg>
<arg>${LOCATION_CUSTOMER_DROPDOWN}</arg>
<doc>Click the element identified by ``locator``.</doc>
<status status="FAIL" start="2024-03-31T22:03:31.942567" elapsed="0.125151">Element with locator '//input[@class='e-sortfilterdiv e-icons ']' not found.</status>
</kw>
<kw name="Input Text" owner="SeleniumLibrary">
<arg>${LOCATION_CUSTOMER}</arg>
<arg>${first_name} ${last_name}</arg>
<doc>Types the given ``text`` into the text field identified by ``locator``.</doc>
<status status="NOT RUN" start="2024-03-31T22:03:32.067718" elapsed="0.000000"/>
</kw>
<kw name="Input Text" owner="SeleniumLibrary">
<arg>${TOWN}</arg>
<arg>${city}</arg>
<doc>Types the given ``text`` into the text field identified by ``locator``.</doc>
<status status="NOT RUN" start="2024-03-31T22:03:32.067718" elapsed="0.000000"/>
</kw>
<kw name="Input Text" owner="SeleniumLibrary">
<arg>${ZIPCODE_LOCATOR}</arg>
<arg>${zip_code}</arg>
<doc>Types the given ``text`` into the text field identified by ``locator``.</doc>
<status status="NOT RUN" start="2024-03-31T22:03:32.067718" elapsed="0.000000"/>
</kw>
<kw name="Input Text" owner="SeleniumLibrary">
<arg>${STREET_NAME_LOCATOR}</arg>
<arg>${street_name}</arg>
<doc>Types the given ``text`` into the text field identified by ``locator``.</doc>
<status status="NOT RUN" start="2024-03-31T22:03:32.067718" elapsed="0.000000"/>
</kw>
<kw name="Input Text" owner="SeleniumLibrary">
<arg>${STREET_ADDRESS_LOCATOR}</arg>
<arg>${street_address}</arg>
<doc>Types the given ``text`` into the text field identified by ``locator``.</doc>
<status status="NOT RUN" start="2024-03-31T22:03:32.067718" elapsed="0.000000"/>
</kw>
<kw name="Click Button" owner="SeleniumLibrary">
<arg>${SAVE_BUTTON}</arg>
<doc>Clicks the button identified by ``locator``.</doc>
<status status="NOT RUN" start="2024-03-31T22:03:32.083346" elapsed="0.000000"/>
</kw>
<kw name="Wait Until Element Is Visible" owner="SeleniumLibrary">
<arg>${LOCATIONS_GRID}</arg>
<arg>timeout=10s</arg>
<doc>Waits until the element ``locator`` is visible.</doc>
<status status="NOT RUN" start="2024-03-31T22:03:32.083346" elapsed="0.000000"/>
</kw>
<kw name="GET" owner="RequestsLibrary">
<var>${response}</var>
<arg>${TOOL_DATA_API}</arg>
<doc>Sends a GET request.</doc>
<status status="NOT RUN" start="2024-03-31T22:03:32.083346" elapsed="0.000000"/>
</kw>
<kw name="Set Variable" owner="BuiltIn">
<var>${body}</var>
<arg>${response.json()}</arg>
<doc>Returns the given values which can then be assigned to a variables.</doc>
<status status="NOT RUN" start="2024-03-31T22:03:32.083346" elapsed="0.000000"/>
</kw>
<kw name="Log" owner="BuiltIn">
<arg>${body}</arg>
<doc>Logs the given message with the given level.</doc>
<status status="NOT RUN" start="2024-03-31T22:03:32.083346" elapsed="0.000000"/>
</kw>
<kw name="Set Variable" owner="BuiltIn">
<var>${id}</var>
<arg>${body}[0][id]</arg>
<doc>Returns the given values which can then be assigned to a variables.</doc>
<status status="NOT RUN" start="2024-03-31T22:03:32.083346" elapsed="0.000000"/>
</kw>
<kw name="Log" owner="BuiltIn">
<arg>${id}</arg>
<doc>Logs the given message with the given level.</doc>
<status status="NOT RUN" start="2024-03-31T22:03:32.083346" elapsed="0.000000"/>
</kw>
<kw name="Set Variable" owner="BuiltIn">
<var>${manufacturer}</var>
<arg>${body}[0][manufacturer]</arg>
<doc>Returns the given values which can then be assigned to a variables.</doc>
<status status="NOT RUN" start="2024-03-31T22:03:32.083346" elapsed="0.000000"/>
</kw>
<kw name="Log" owner="BuiltIn">
<arg>${manufacturer}</arg>
<doc>Logs the given message with the given level.</doc>
<status status="NOT RUN" start="2024-03-31T22:03:32.083346" elapsed="0.000000"/>
</kw>
<kw name="Set Variable" owner="BuiltIn">
<var>${model}</var>
<arg>${body}[0][model]</arg>
<doc>Returns the given values which can then be assigned to a variables.</doc>
<status status="NOT RUN" start="2024-03-31T22:03:32.083346" elapsed="0.000000"/>
</kw>
<kw name="Log" owner="BuiltIn">
<arg>${model}</arg>
<doc>Logs the given message with the given level.</doc>
<status status="NOT RUN" start="2024-03-31T22:03:32.083346" elapsed="0.000000"/>
</kw>
<kw name="Set Variable" owner="BuiltIn">
<var>${platform}</var>
<arg>${body}[0][platform]</arg>
<doc>Returns the given values which can then be assigned to a variables.</doc>
<status status="NOT RUN" start="2024-03-31T22:03:32.083346" elapsed="0.000000"/>
</kw>
<kw name="Log" owner="BuiltIn">
<arg>${platform}</arg>
<doc>Logs the given message with the given level.</doc>
<status status="NOT RUN" start="2024-03-31T22:03:32.083346" elapsed="0.000000"/>
</kw>
<kw name="Set Variable" owner="BuiltIn">
<var>${serial_number}</var>
<arg>${body}[0][serial_number]</arg>
<doc>Returns the given values which can then be assigned to a variables.</doc>
<status status="NOT RUN" start="2024-03-31T22:03:32.083346" elapsed="0.000000"/>
</kw>
<kw name="Log" owner="BuiltIn">
<arg>${serial_number}</arg>
<doc>Logs the given message with the given level.</doc>
<status status="NOT RUN" start="2024-03-31T22:03:32.083346" elapsed="0.000000"/>
</kw>
<status status="FAIL" start="2024-03-31T22:03:12.766195" elapsed="19.317151">Element with locator '//input[@class='e-sortfilterdiv e-icons ']' not found.</status>
</test>
<status status="FAIL" start="2024-03-31T22:03:12.281926" elapsed="19.801420"/>
</suite>
<status status="FAIL" start="2024-03-31T22:03:12.276931" elapsed="19.822042"/>
</suite>
<status status="FAIL" start="2024-03-31T22:03:12.234301" elapsed="19.864672"/>
</suite>
<statistics>
<total>
<stat pass="0" fail="1" skip="0">All Tests</stat>
</total>
<tag>
</tag>
<suite>
<stat pass="0" fail="1" skip="0" id="s1" name="Bwp Tool Project">Bwp Tool Project</stat>
<stat pass="0" fail="1" skip="0" id="s1-s1" name="Tests">Bwp Tool Project.Tests</stat>
<stat pass="0" fail="1" skip="0" id="s1-s1-s1" name="Bwp Test">Bwp Tool Project.Tests.Bwp Test</stat>
</suite>
</statistics>
<errors>
</errors>
</robot>
